SLURM_JOB_ID=662645
hostname=oc226
path '/data/oc-compute03/ebertzci/OC-MasterThesis/julia-nix-slurm-env-main/scripts' does not contain a 'flake.nix', searching up
[K[Kwarning: ignoring untrusted flake configuration setting 'extra-substituters'.
Pass '--accept-flake-config' to trust it
warning: ignoring untrusted flake configuration setting 'extra-trusted-public-keys'.
Pass '--accept-flake-config' to trust it
Running tasks     devenv:enterShell

[1A[0JRunning           devenv:enterShell 0ms
1 Running                           38.15Âµs
[2A[0JSucceeded         devenv:enterShell 114ms
1 Succeeded                         114.42ms

Waiting for lock /home/ebertzci/JULIALOCK â€¦
Acquired lock /home/ebertzci/JULIALOCK.
Relinquishing lock /home/ebertzci/JULIALOCK â€¦
Relinquished lock /home/ebertzci/JULIALOCK.
srun: got SIGCONT
slurmstepd: error: *** JOB 662645 ON oc226 CANCELLED AT 2025-02-24T15:41:23 ***
srun: forcing job termination
slurmstepd: error: *** STEP 662645.0 ON oc226 CANCELLED AT 2025-02-24T15:41:23 ***
srun: Job step aborted: Waiting up to 32 seconds for job step to finish.

[3179441] signal (15): Terminated
in expression starting at /data/oc-compute03/ebertzci/OC-MasterThesis/booleanProblems/encodeMain.jl:227
gc_mark_outrefs at /cache/build/builder-amdci4-0/julialang/julia-release-1-dot-10/src/gc.c:2399 [inlined]
gc_mark_loop_serial_ at /cache/build/builder-amdci4-0/julialang/julia-release-1-dot-10/src/gc.c:2697
gc_mark_loop_serial at /cache/build/builder-amdci4-0/julialang/julia-release-1-dot-10/src/gc.c:2720
gc_mark_loop at /cache/build/builder-amdci4-0/julialang/julia-release-1-dot-10/src/gc.c:2901 [inlined]
_jl_gc_collect at /cache/build/builder-amdci4-0/julialang/julia-release-1-dot-10/src/gc.c:3234
ijl_gc_collect at /cache/build/builder-amdci4-0/julialang/julia-release-1-dot-10/src/gc.c:3531
maybe_collect at /cache/build/builder-amdci4-0/julialang/julia-release-1-dot-10/src/gc.c:937 [inlined]
jl_gc_pool_alloc_inner at /cache/build/builder-amdci4-0/julialang/julia-release-1-dot-10/src/gc.c:1300
ijl_gc_pool_alloc at /cache/build/builder-amdci4-0/julialang/julia-release-1-dot-10/src/gc.c:1348
IdDict at ./iddict.jl:30 [inlined]
IdDict at ./iddict.jl:48 [inlined]
deepcopy at ./deepcopy.jl:26 [inlined]
evaluate! at /data/oc-compute03/ebertzci/OC-MasterThesis/booleanProblems/standardCGP/chromosome.jl:67
eval_chromosomes! at /data/oc-compute03/ebertzci/OC-MasterThesis/booleanProblems/utils/runner_multiple_parents_with_elitist_mulambda.jl:124
main at /data/oc-compute03/ebertzci/OC-MasterThesis/booleanProblems/encodeMain.jl:85
unknown function (ip: 0x7ffff6796d62)
_jl_invoke at /cache/build/builder-amdci4-0/julialang/julia-release-1-dot-10/src/gf.c:2895 [inlined]
ijl_apply_generic at /cache/build/builder-amdci4-0/julialang/julia-release-1-dot-10/src/gf.c:3077
jl_apply at /cache/build/builder-amdci4-0/julialang/julia-release-1-dot-10/src/julia.h:1982 [inlined]
do_call at /cache/build/builder-amdci4-0/julialang/julia-release-1-dot-10/src/interpreter.c:126
eval_value at /cache/build/builder-amdci4-0/julialang/julia-release-1-dot-10/src/interpreter.c:223
eval_stmt_value at /cache/build/builder-amdci4-0/julialang/julia-release-1-dot-10/src/interpreter.c:174 [inlined]
eval_body at /cache/build/builder-amdci4-0/julialang/julia-release-1-dot-10/src/interpreter.c:617
jl_interpret_toplevel_thunk at /cache/build/builder-amdci4-0/julialang/julia-release-1-dot-10/src/interpreter.c:775
jl_toplevel_eval_flex at /cache/build/builder-amdci4-0/julialang/julia-release-1-dot-10/src/toplevel.c:934
jl_toplevel_eval_flex at /cache/build/builder-amdci4-0/julialang/julia-release-1-dot-10/src/toplevel.c:877
ijl_toplevel_eval_in at /cache/build/builder-amdci4-0/julialang/julia-release-1-dot-10/src/toplevel.c:985
eval at ./boot.jl:385 [inlined]
include_string at ./loading.jl:2076
_jl_invoke at /cache/build/builder-amdci4-0/julialang/julia-release-1-dot-10/src/gf.c:2895 [inlined]
ijl_apply_generic at /cache/build/builder-amdci4-0/julialang/julia-release-1-dot-10/src/gf.c:3077
_include at ./loading.jl:2136
include at ./Base.jl:495
jfptr_include_46393.1 at /nix/store/06qnp46ihg0vzsbg1hiqcs58pjyph135-julia-bin-1.10.4/lib/julia/sys.so (unknown line)
_jl_invoke at /cache/build/builder-amdci4-0/julialang/julia-release-1-dot-10/src/gf.c:2895 [inlined]
ijl_apply_generic at /cache/build/builder-amdci4-0/julialang/julia-release-1-dot-10/src/gf.c:3077
exec_options at ./client.jl:318
_start at ./client.jl:552
jfptr__start_82729.1 at /nix/store/06qnp46ihg0vzsbg1hiqcs58pjyph135-julia-bin-1.10.4/lib/julia/sys.so (unknown line)
_jl_invoke at /cache/build/builder-amdci4-0/julialang/julia-release-1-dot-10/src/gf.c:2895 [inlined]
ijl_apply_generic at /cache/build/builder-amdci4-0/julialang/julia-release-1-dot-10/src/gf.c:3077
jl_apply at /cache/build/builder-amdci4-0/julialang/julia-release-1-dot-10/src/julia.h:1982 [inlined]
true_main at /cache/build/builder-amdci4-0/julialang/julia-release-1-dot-10/src/jlapi.c:582
jl_repl_entrypoint at /cache/build/builder-amdci4-0/julialang/julia-release-1-dot-10/src/jlapi.c:731
main at julia (unknown line)
__libc_start_call_main at /nix/store/3dyw8dzj9ab4m8hv5dpyx7zii8d0w6fi-glibc-2.39-52/lib/libc.so.6 (unknown line)
__libc_start_main at /nix/store/3dyw8dzj9ab4m8hv5dpyx7zii8d0w6fi-glibc-2.39-52/lib/libc.so.6 (unknown line)
unknown function (ip: 0x4010b8)
unknown function (ip: (nil))
Allocations: 23398068401 (Pool: 23384330686; Big: 13737715); GC: 19721
srun: error: Timed out waiting for job step to complete
