SLURM_JOB_ID=668894
hostname=oc226
path '/data/oc-compute03/ebertzci/OC-MasterThesis/julia-nix-slurm-env-main/scripts' does not contain a 'flake.nix', searching up
warning: Git tree '/data/oc-compute03/ebertzci/OC-MasterThesis' is dirty
warning: ignoring untrusted flake configuration setting 'extra-substituters'.
Pass '--accept-flake-config' to trust it
warning: ignoring untrusted flake configuration setting 'extra-trusted-public-keys'.
Pass '--accept-flake-config' to trust it
Running tasks     devenv:enterShell

[1A[0JRunning           devenv:enterShell 3ms
1 Running                           3.34ms
[2A[0JSucceeded         devenv:enterShell 11ms
1 Succeeded                         11.90ms

Waiting for lock /home/ebertzci/JULIALOCK â€¦
Acquired lock /home/ebertzci/JULIALOCK.
Relinquishing lock /home/ebertzci/JULIALOCK â€¦
Relinquished lock /home/ebertzci/JULIALOCK.
srun: got SIGCONT
slurmstepd: error: *** JOB 668894 ON oc226 CANCELLED AT 2025-03-03T16:20:59 ***
srun: forcing job termination
slurmstepd: error: *** STEP 668894.0 ON oc226 CANCELLED AT 2025-03-03T16:20:59 ***
srun: Job step aborted: Waiting up to 32 seconds for job step to finish.
error
[1022041] signal (15): Terminated
in expression starting at /data/oc-compute03/ebertzci/OC-MasterThesis/booleanProblems/encodeMain.jl:228
obvious_subtype at /cache/build/builder-amdci4-0/julialang/julia-release-1-dot-10/src/subtype.c:1787
obvious_subtype at /cache/build/builder-amdci4-0/julialang/julia-release-1-dot-10/src/subtype.c:1789 [inlined]
obvious_subtype at /cache/build/builder-amdci4-0/julialang/julia-release-1-dot-10/src/subtype.c:1867
obvious_subtype at /cache/build/builder-amdci4-0/julialang/julia-release-1-dot-10/src/subtype.c:1789 [inlined]
obvious_subtype at /cache/build/builder-amdci4-0/julialang/julia-release-1-dot-10/src/subtype.c:1867
obvious_subtype at /cache/build/builder-amdci4-0/julialang/julia-release-1-dot-10/src/subtype.c:1789 [inlined]
obvious_subtype at /cache/build/builder-amdci4-0/julialang/julia-release-1-dot-10/src/subtype.c:1867
ijl_subtype_env at /cache/build/builder-amdci4-0/julialang/julia-release-1-dot-10/src/subtype.c:2120
ijl_isa at /cache/build/builder-amdci4-0/julialang/julia-release-1-dot-10/src/subtype.c:2378
jl_tuple1_isa at /cache/build/builder-amdci4-0/julialang/julia-release-1-dot-10/src/subtype.c:2267
jl_typemap_entry_assoc_exact at /cache/build/builder-amdci4-0/julialang/julia-release-1-dot-10/src/typemap.c:1182
jl_typemap_assoc_exact at /cache/build/builder-amdci4-0/julialang/julia-release-1-dot-10/src/julia_internal.h:1438 [inlined]
jl_lookup_generic_ at /cache/build/builder-amdci4-0/julialang/julia-release-1-dot-10/src/gf.c:3017 [inlined]
ijl_apply_generic at /cache/build/builder-amdci4-0/julialang/julia-release-1-dot-10/src/gf.c:3073
deepcopy_internal at ./deepcopy.jl:65
jfptr_deepcopy_internal_78214.1 at /nix/store/06qnp46ihg0vzsbg1hiqcs58pjyph135-julia-bin-1.10.4/lib/julia/sys.so (unknown line)
_jl_invoke at /cache/build/builder-amdci4-0/julialang/julia-release-1-dot-10/src/gf.c:2895 [inlined]
ijl_apply_generic at /cache/build/builder-amdci4-0/julialang/julia-release-1-dot-10/src/gf.c:3077
_deepcopy_array_t at ./deepcopy.jl:105
deepcopy_internal at ./deepcopy.jl:92
unknown function (ip: 0x7ffff6797989)
_jl_invoke at /cache/build/builder-amdci4-0/julialang/julia-release-1-dot-10/src/gf.c:2895 [inlined]
ijl_apply_generic at /cache/build/builder-amdci4-0/julialang/julia-release-1-dot-10/src/gf.c:3077
deepcopy_internal at ./deepcopy.jl:65
deepcopy at ./deepcopy.jl:26 [inlined]
crossover at /data/oc-compute03/ebertzci/OC-MasterThesis/booleanProblems/utils/runner_multiple_parents_with_elitist_mulambda.jl:237
main at /data/oc-compute03/ebertzci/OC-MasterThesis/booleanProblems/encodeMain.jl:85
unknown function (ip: 0x7ffff67969c2)
_jl_invoke at /cache/build/builder-amdci4-0/julialang/julia-release-1-dot-10/src/gf.c:2895 [inlined]
ijl_apply_generic at /cache/build/builder-amdci4-0/julialang/julia-release-1-dot-10/src/gf.c:3077
jl_apply at /cache/build/builder-amdci4-0/julialang/julia-release-1-dot-10/src/julia.h:1982 [inlined]
do_call at /cache/build/builder-amdci4-0/julialang/julia-release-1-dot-10/src/interpreter.c:126
eval_value at /cache/build/builder-amdci4-0/julialang/julia-release-1-dot-10/src/interpreter.c:223
eval_stmt_value at /cache/build/builder-amdci4-0/julialang/julia-release-1-dot-10/src/interpreter.c:174 [inlined]
eval_body at /cache/build/builder-amdci4-0/julialang/julia-release-1-dot-10/src/interpreter.c:617
jl_interpret_toplevel_thunk at /cache/build/builder-amdci4-0/julialang/julia-release-1-dot-10/src/interpreter.c:775
jl_toplevel_eval_flex at /cache/build/builder-amdci4-0/julialang/julia-release-1-dot-10/src/toplevel.c:934
jl_toplevel_eval_flex at /cache/build/builder-amdci4-0/julialang/julia-release-1-dot-10/src/toplevel.c:877
ijl_toplevel_eval_in at /cache/build/builder-amdci4-0/julialang/julia-release-1-dot-10/src/toplevel.c:985
eval at ./boot.jl:385 [inlined]
include_string at ./loading.jl:2076
_jl_invoke at /cache/build/builder-amdci4-0/julialang/julia-release-1-dot-10/src/gf.c:2895 [inlined]
ijl_apply_generic at /cache/build/builder-amdci4-0/julialang/julia-release-1-dot-10/src/gf.c:3077
_include at ./loading.jl:2136
include at ./Base.jl:495
jfptr_include_46393.1 at /nix/store/06qnp46ihg0vzsbg1hiqcs58pjyph135-julia-bin-1.10.4/lib/julia/sys.so (unknown line)
_jl_invoke at /cache/build/builder-amdci4-0/julialang/julia-release-1-dot-10/src/gf.c:2895 [inlined]
ijl_apply_generic at /cache/build/builder-amdci4-0/julialang/julia-release-1-dot-10/src/gf.c:3077
exec_options at ./client.jl:318
_start at ./client.jl:552
jfptr__start_82729.1 at /nix/store/06qnp46ihg0vzsbg1hiqcs58pjyph135-julia-bin-1.10.4/lib/julia/sys.so (unknown line)
_jl_invoke at /cache/build/builder-amdci4-0/julialang/julia-release-1-dot-10/src/gf.c:2895 [inlined]
ijl_apply_generic at /cache/build/builder-amdci4-0/julialang/julia-release-1-dot-10/src/gf.c:3077
jl_apply at /cache/build/builder-amdci4-0/julialang/julia-release-1-dot-10/src/julia.h:1982 [inlined]
true_main at /cache/build/builder-amdci4-0/julialang/julia-release-1-dot-10/src/jlapi.c:582
jl_repl_entrypoint at /cache/build/builder-amdci4-0/julialang/julia-release-1-dot-10/src/jlapi.c:731
main at julia (unknown line)
__libc_start_call_main at /nix/store/3dyw8dzj9ab4m8hv5dpyx7zii8d0w6fi-glibc-2.39-52/lib/libc.so.6 (unknown line)
__libc_start_main at /nix/store/3dyw8dzj9ab4m8hv5dpyx7zii8d0w6fi-glibc-2.39-52/lib/libc.so.6 (unknown line)
unknown function (ip: 0x4010b8)
unknown function (ip: (nil))
Allocations: 26143534850 (Pool: 26132687602; Big: 10847248); GC: 22118
      From worker 2:	
      From worker 2:	[1022172] signal (15): Terminated
      From worker 2:	in expression starting at none:0
      From worker 2:	epoll_wait at /nix/store/3dyw8dzj9ab4m8hv5dpyx7zii8d0w6fi-glibc-2.39-52/lib/libc.so.6 (unknown line)
      From worker 2:	uv__io_poll at /workspace/srcdir/libuv/src/unix/epoll.c:236
      From worker 2:	uv_run at /workspace/srcdir/libuv/src/unix/core.c:400
      From worker 2:	ijl_task_get_next at /cache/build/builder-amdci4-0/julialang/julia-release-1-dot-10/src/partr.c:478
      From worker 2:	poptask at ./task.jl:985
      From worker 2:	wait at ./task.jl:994
      From worker 2:	task_done_hook at ./task.jl:675
      From worker 2:	jfptr_task_done_hook_75286.1 at /nix/store/06qnp46ihg0vzsbg1hiqcs58pjyph135-julia-bin-1.10.4/lib/julia/sys.so (unknown line)
      From worker 2:	_jl_invoke at /cache/build/builder-amdci4-0/julialang/julia-release-1-dot-10/src/gf.c:2895 [inlined]
      From worker 2:	ijl_apply_generic at /cache/build/builder-amdci4-0/julialang/julia-release-1-dot-10/src/gf.c:3077
      From worker 2:	jl_apply at /cache/build/builder-amdci4-0/julialang/julia-release-1-dot-10/src/julia.h:1982 [inlined]
      From worker 2:	jl_finish_task at /cache/build/builder-amdci4-0/julialang/julia-release-1-dot-10/src/task.c:320
      From worker 2:	start_task at /cache/build/builder-amdci4-0/julialang/julia-release-1-dot-10/src/task.c:1249
      From worker 2:	unknown function (ip: (nil))
      From worker 2:	Allocations: 3097258 (Pool: 3094819; Big: 2439); GC: 3
srun: error: oc226: task 0: Exited with exit code 130
