SLURM_JOB_ID=662712
hostname=oc-compute03
path '/data/oc-compute03/ebertzci/OC-MasterThesis/julia-nix-slurm-env-main/scripts' does not contain a 'flake.nix', searching up
[K[Kwarning: ignoring untrusted flake configuration setting 'extra-substituters'.
Pass '--accept-flake-config' to trust it
warning: ignoring untrusted flake configuration setting 'extra-trusted-public-keys'.
Pass '--accept-flake-config' to trust it
Running tasks     devenv:enterShell

[1A[0JRunning           devenv:enterShell 0ms
1 Running                           57.34Âµs
[2A[0JSucceeded         devenv:enterShell 12ms
1 Succeeded                         13.31ms

Waiting for lock /home/ebertzci/JULIALOCK â€¦
Acquired lock /home/ebertzci/JULIALOCK.
Relinquishing lock /home/ebertzci/JULIALOCK â€¦
Relinquished lock /home/ebertzci/JULIALOCK.
srun: got SIGCONT
slurmstepd: error: *** STEP 662712.0 ON oc-compute03 CANCELLED AT 2025-02-24T15:41:23 ***
slurmstepd: error: *** JOB 662712 ON oc-compute03 CANCELLED AT 2025-02-24T15:41:23 ***

[1627337] signal (15): Terminated
in expression starting at /data/oc-compute03/ebertzci/OC-MasterThesis/booleanProblems/encodeMain.jl:227
ws_queue_pop at /cache/build/builder-amdci4-0/julialang/julia-release-1-dot-10/src/work-stealing-queue.h:73 [inlined]
gc_ptr_queue_pop at /cache/build/builder-amdci4-0/julialang/julia-release-1-dot-10/src/gc.c:1774 [inlined]
gc_mark_loop_serial_ at /cache/build/builder-amdci4-0/julialang/julia-release-1-dot-10/src/gc.c:2692
gc_mark_loop_serial at /cache/build/builder-amdci4-0/julialang/julia-release-1-dot-10/src/gc.c:2720
gc_mark_loop at /cache/build/builder-amdci4-0/julialang/julia-release-1-dot-10/src/gc.c:2901 [inlined]
_jl_gc_collect at /cache/build/builder-amdci4-0/julialang/julia-release-1-dot-10/src/gc.c:3234
ijl_gc_collect at /cache/build/builder-amdci4-0/julialang/julia-release-1-dot-10/src/gc.c:3531
maybe_collect at /cache/build/builder-amdci4-0/julialang/julia-release-1-dot-10/src/gc.c:937 [inlined]
jl_gc_pool_alloc_inner at /cache/build/builder-amdci4-0/julialang/julia-release-1-dot-10/src/gc.c:1300
jl_gc_alloc_ at /cache/build/builder-amdci4-0/julialang/julia-release-1-dot-10/src/julia_internal.h:476 [inlined]
ijl_box_int64 at /cache/build/builder-amdci4-0/julialang/julia-release-1-dot-10/src/datatype.c:1329
ijl_get_nth_field at /cache/build/builder-amdci4-0/julialang/julia-release-1-dot-10/src/datatype.c:1598
ijl_get_nth_field_checked at /cache/build/builder-amdci4-0/julialang/julia-release-1-dot-10/src/datatype.c:1614
srun: forcing job termination
srun: Job step aborted: Waiting up to 32 seconds for job step to finish.
deepcopy_internal at ./deepcopy.jl:64
jfptr_deepcopy_internal_78214.1 at /nix/store/06qnp46ihg0vzsbg1hiqcs58pjyph135-julia-bin-1.10.4/lib/julia/sys.so (unknown line)
_jl_invoke at /cache/build/builder-amdci4-0/julialang/julia-release-1-dot-10/src/gf.c:2895 [inlined]
ijl_apply_generic at /cache/build/builder-amdci4-0/julialang/julia-release-1-dot-10/src/gf.c:3077
_deepcopy_array_t at ./deepcopy.jl:105
deepcopy_internal at ./deepcopy.jl:92
unknown function (ip: 0x7ffff6788729)
_jl_invoke at /cache/build/builder-amdci4-0/julialang/julia-release-1-dot-10/src/gf.c:2895 [inlined]
ijl_apply_generic at /cache/build/builder-amdci4-0/julialang/julia-release-1-dot-10/src/gf.c:3077
deepcopy_internal at ./deepcopy.jl:65
deepcopy at ./deepcopy.jl:26 [inlined]
crossover at /data/oc-compute03/ebertzci/OC-MasterThesis/booleanProblems/utils/runner_multiple_parents_with_elitist_mulambda.jl:238
main at /data/oc-compute03/ebertzci/OC-MasterThesis/booleanProblems/encodeMain.jl:84
unknown function (ip: 0x7ffff6787742)
_jl_invoke at /cache/build/builder-amdci4-0/julialang/julia-release-1-dot-10/src/gf.c:2895 [inlined]
ijl_apply_generic at /cache/build/builder-amdci4-0/julialang/julia-release-1-dot-10/src/gf.c:3077
jl_apply at /cache/build/builder-amdci4-0/julialang/julia-release-1-dot-10/src/julia.h:1982 [inlined]
do_call at /cache/build/builder-amdci4-0/julialang/julia-release-1-dot-10/src/interpreter.c:126
eval_value at /cache/build/builder-amdci4-0/julialang/julia-release-1-dot-10/src/interpreter.c:223
eval_stmt_value at /cache/build/builder-amdci4-0/julialang/julia-release-1-dot-10/src/interpreter.c:174 [inlined]
eval_body at /cache/build/builder-amdci4-0/julialang/julia-release-1-dot-10/src/interpreter.c:617
jl_interpret_toplevel_thunk at /cache/build/builder-amdci4-0/julialang/julia-release-1-dot-10/src/interpreter.c:775
jl_toplevel_eval_flex at /cache/build/builder-amdci4-0/julialang/julia-release-1-dot-10/src/toplevel.c:934
jl_toplevel_eval_flex at /cache/build/builder-amdci4-0/julialang/julia-release-1-dot-10/src/toplevel.c:877
ijl_toplevel_eval_in at /cache/build/builder-amdci4-0/julialang/julia-release-1-dot-10/src/toplevel.c:985
eval at ./boot.jl:385 [inlined]
include_string at ./loading.jl:2076
_jl_invoke at /cache/build/builder-amdci4-0/julialang/julia-release-1-dot-10/src/gf.c:2895 [inlined]
ijl_apply_generic at /cache/build/builder-amdci4-0/julialang/julia-release-1-dot-10/src/gf.c:3077
_include at ./loading.jl:2136
include at ./Base.jl:495
jfptr_include_46393.1 at /nix/store/06qnp46ihg0vzsbg1hiqcs58pjyph135-julia-bin-1.10.4/lib/julia/sys.so (unknown line)
_jl_invoke at /cache/build/builder-amdci4-0/julialang/julia-release-1-dot-10/src/gf.c:2895 [inlined]
ijl_apply_generic at /cache/build/builder-amdci4-0/julialang/julia-release-1-dot-10/src/gf.c:3077
exec_options at ./client.jl:318
_start at ./client.jl:552
jfptr__start_82729.1 at /nix/store/06qnp46ihg0vzsbg1hiqcs58pjyph135-julia-bin-1.10.4/lib/julia/sys.so (unknown line)
_jl_invoke at /cache/build/builder-amdci4-0/julialang/julia-release-1-dot-10/src/gf.c:2895 [inlined]
ijl_apply_generic at /cache/build/builder-amdci4-0/julialang/julia-release-1-dot-10/src/gf.c:3077
jl_apply at /cache/build/builder-amdci4-0/julialang/julia-release-1-dot-10/src/julia.h:1982 [inlined]
true_main at /cache/build/builder-amdci4-0/julialang/julia-release-1-dot-10/src/jlapi.c:582
jl_repl_entrypoint at /cache/build/builder-amdci4-0/julialang/julia-release-1-dot-10/src/jlapi.c:731
main at julia (unknown line)
__libc_start_call_main at /nix/store/3dyw8dzj9ab4m8hv5dpyx7zii8d0w6fi-glibc-2.39-52/lib/libc.so.6 (unknown line)
__libc_start_main at /nix/store/3dyw8dzj9ab4m8hv5dpyx7zii8d0w6fi-glibc-2.39-52/lib/libc.so.6 (unknown line)
unknown function (ip: 0x4010b8)
unknown function (ip: (nil))
Allocations: 15899647008 (Pool: 15890371376; Big: 9275632); GC: 13733
srun: error: Timed out waiting for job step to complete
