SLURM_JOB_ID=647693
hostname=oc-compute03
path '/data/oc-compute03/ebertzci/OC-MasterThesis/julia-nix-slurm-env-main/scripts' does not contain a 'flake.nix', searching up
[K[Kwarning: ignoring untrusted flake configuration setting 'extra-substituters'.
Pass '--accept-flake-config' to trust it
warning: ignoring untrusted flake configuration setting 'extra-trusted-public-keys'.
Pass '--accept-flake-config' to trust it
Running tasks     devenv:enterShell

[1A[0JRunning           devenv:enterShell 0ms
1 Running                           74.33Âµs
[2A[0JSucceeded         devenv:enterShell 11ms
1 Succeeded                         11.78ms

Waiting for lock /home/ebertzci/JULIALOCK â€¦
Acquired lock /home/ebertzci/JULIALOCK.
Relinquishing lock /home/ebertzci/JULIALOCK â€¦
Relinquished lock /home/ebertzci/JULIALOCK.
slurmstepd: error: *** JOB 647693 ON oc-compute03 CANCELLED AT 2024-12-20T14:51:55 DUE TO TIME LIMIT ***
Hyperoptimizing  20%|â–ˆâ–ˆâ–ˆâ–ˆâ–ˆâ–ˆâ–ˆâ–Ž                            |  ETA: 13.06 days[Kslurmstepd: error: *** STEP 647693.0 ON oc-compute03 CANCELLED AT 2024-12-20T14:51:55 DUE TO TIME LIMIT ***

[216129] signal (15): Terminated
in expression starting at /data/oc-compute03/ebertzci/OC-MasterThesis/booleanProblems/hpo.jl:377
ijl_subtype_env at /cache/build/builder-amdci4-0/julialang/julia-release-1-dot-10/src/subtype.c:2102
ijl_isa at /cache/build/builder-amdci4-0/julialang/julia-release-1-dot-10/src/subtype.c:2378
jl_tuple1_isa at /cache/build/builder-amdci4-0/julialang/julia-release-1-dot-10/src/subtype.c:2267
jl_typemap_entry_assoc_exact at /cache/build/builder-amdci4-0/julialang/julia-release-1-dot-10/src/typemap.c:1182
jl_typemap_assoc_exact at /cache/build/builder-amdci4-0/julialang/julia-release-1-dot-10/src/julia_internal.h:1438 [inlined]
jl_lookup_generic_ at /cache/build/builder-amdci4-0/julialang/julia-release-1-dot-10/src/gf.c:3017 [inlined]
ijl_apply_generic at /cache/build/builder-amdci4-0/julialang/julia-release-1-dot-10/src/gf.c:3073
deepcopy_internal at ./deepcopy.jl:65
srun: got SIGCONT
srun: forcing job termination
srun: Job step aborted: Waiting up to 32 seconds for job step to finish.
jfptr_deepcopy_internal_78214.1 at /nix/store/06qnp46ihg0vzsbg1hiqcs58pjyph135-julia-bin-1.10.4/lib/julia/sys.so (unknown line)
_jl_invoke at /cache/build/builder-amdci4-0/julialang/julia-release-1-dot-10/src/gf.c:2895 [inlined]
ijl_apply_generic at /cache/build/builder-amdci4-0/julialang/julia-release-1-dot-10/src/gf.c:3077
_deepcopy_array_t at ./deepcopy.jl:105
deepcopy_internal at ./deepcopy.jl:92
unknown function (ip: 0x7ffff677dc49)
_jl_invoke at /cache/build/builder-amdci4-0/julialang/julia-release-1-dot-10/src/gf.c:2895 [inlined]
ijl_apply_generic at /cache/build/builder-amdci4-0/julialang/julia-release-1-dot-10/src/gf.c:3077
deepcopy_internal at ./deepcopy.jl:65
deepcopy at ./deepcopy.jl:26 [inlined]
two_point_crossover! at /data/oc-compute03/ebertzci/OC-MasterThesis/booleanProblems/utils/crossover/crossoverAlgos.jl:41
crossover at /data/oc-compute03/ebertzci/OC-MasterThesis/booleanProblems/utils/runner_multiple_parents_with_elitist_mulambda.jl:226
learn_step! at /data/oc-compute03/ebertzci/OC-MasterThesis/booleanProblems/utils/runner_multiple_parents_with_elitist_mulambda.jl:104
meanAusMehrerenIterationen at /data/oc-compute03/ebertzci/OC-MasterThesis/booleanProblems/hpo.jl:166
macro expansion at /data/oc-compute03/ebertzci/OC-MasterThesis/booleanProblems/hpo.jl:99 [inlined]
#75###hyperopt_objective#227 at /home/ebertzci/.julia/packages/Hyperopt/1AdYO/src/Hyperopt.jl:148
unknown function (ip: 0x7ffff677d657)
_jl_invoke at /cache/build/builder-amdci4-0/julialang/julia-release-1-dot-10/src/gf.c:2895 [inlined]
ijl_apply_generic at /cache/build/builder-amdci4-0/julialang/julia-release-1-dot-10/src/gf.c:3077
jl_apply at /cache/build/builder-amdci4-0/julialang/julia-release-1-dot-10/src/julia.h:1982 [inlined]
do_apply at /cache/build/builder-amdci4-0/julialang/julia-release-1-dot-10/src/builtins.c:768
macro expansion at /home/ebertzci/.julia/packages/Hyperopt/1AdYO/src/Hyperopt.jl:162 [inlined]
macro expansion at /home/ebertzci/.julia/packages/ProgressMeter/kVZZH/src/ProgressMeter.jl:1008 [inlined]
optimize at /home/ebertzci/.julia/packages/Hyperopt/1AdYO/src/Hyperopt.jl:161
unknown function (ip: 0x7ffff6764b15)
_jl_invoke at /cache/build/builder-amdci4-0/julialang/julia-release-1-dot-10/src/gf.c:2895 [inlined]
ijl_apply_generic at /cache/build/builder-amdci4-0/julialang/julia-release-1-dot-10/src/gf.c:3077
hpo at /data/oc-compute03/ebertzci/OC-MasterThesis/booleanProblems/hpo.jl:94
unknown function (ip: 0x7ffff67514a2)
_jl_invoke at /cache/build/builder-amdci4-0/julialang/julia-release-1-dot-10/src/gf.c:2895 [inlined]
ijl_apply_generic at /cache/build/builder-amdci4-0/julialang/julia-release-1-dot-10/src/gf.c:3077
jl_apply at /cache/build/builder-amdci4-0/julialang/julia-release-1-dot-10/src/julia.h:1982 [inlined]
do_call at /cache/build/builder-amdci4-0/julialang/julia-release-1-dot-10/src/interpreter.c:126
eval_value at /cache/build/builder-amdci4-0/julialang/julia-release-1-dot-10/src/interpreter.c:223
eval_stmt_value at /cache/build/builder-amdci4-0/julialang/julia-release-1-dot-10/src/interpreter.c:174 [inlined]
eval_body at /cache/build/builder-amdci4-0/julialang/julia-release-1-dot-10/src/interpreter.c:617
jl_interpret_toplevel_thunk at /cache/build/builder-amdci4-0/julialang/julia-release-1-dot-10/src/interpreter.c:775
jl_toplevel_eval_flex at /cache/build/builder-amdci4-0/julialang/julia-release-1-dot-10/src/toplevel.c:934
jl_toplevel_eval_flex at /cache/build/builder-amdci4-0/julialang/julia-release-1-dot-10/src/toplevel.c:877
ijl_toplevel_eval_in at /cache/build/builder-amdci4-0/julialang/julia-release-1-dot-10/src/toplevel.c:985
eval at ./boot.jl:385 [inlined]
include_string at ./loading.jl:2076
_jl_invoke at /cache/build/builder-amdci4-0/julialang/julia-release-1-dot-10/src/gf.c:2895 [inlined]
ijl_apply_generic at /cache/build/builder-amdci4-0/julialang/julia-release-1-dot-10/src/gf.c:3077
_include at ./loading.jl:2136
include at ./Base.jl:495
jfptr_include_46393.1 at /nix/store/06qnp46ihg0vzsbg1hiqcs58pjyph135-julia-bin-1.10.4/lib/julia/sys.so (unknown line)
_jl_invoke at /cache/build/builder-amdci4-0/julialang/julia-release-1-dot-10/src/gf.c:2895 [inlined]
ijl_apply_generic at /cache/build/builder-amdci4-0/julialang/julia-release-1-dot-10/src/gf.c:3077
exec_options at ./client.jl:318
_start at ./client.jl:552
jfptr__start_82729.1 at /nix/store/06qnp46ihg0vzsbg1hiqcs58pjyph135-julia-bin-1.10.4/lib/julia/sys.so (unknown line)
_jl_invoke at /cache/build/builder-amdci4-0/julialang/julia-release-1-dot-10/src/gf.c:2895 [inlined]
ijl_apply_generic at /cache/build/builder-amdci4-0/julialang/julia-release-1-dot-10/src/gf.c:3077
jl_apply at /cache/build/builder-amdci4-0/julialang/julia-release-1-dot-10/src/julia.h:1982 [inlined]
true_main at /cache/build/builder-amdci4-0/julialang/julia-release-1-dot-10/src/jlapi.c:582
jl_repl_entrypoint at /cache/build/builder-amdci4-0/julialang/julia-release-1-dot-10/src/jlapi.c:731
main at julia (unknown line)
__libc_start_call_main at /nix/store/3dyw8dzj9ab4m8hv5dpyx7zii8d0w6fi-glibc-2.39-52/lib/libc.so.6 (unknown line)
__libc_start_main at /nix/store/3dyw8dzj9ab4m8hv5dpyx7zii8d0w6fi-glibc-2.39-52/lib/libc.so.6 (unknown line)
unknown function (ip: 0x4010b8)
unknown function (ip: (nil))
Allocations: 422744355240 (Pool: 422702956100; Big: 41399140); GC: 112550
      From worker 4:	
      From worker 4:	[216824] signal (15): Terminated
      From worker 4:	in expression starting at none:0
      From worker 4:	epoll_wait at /nix/store/3dyw8dzj9ab4m8hv5dpyx7zii8d0w6fi-glibc-2.39-52/lib/libc.so.6 (unknown line)
      From worker 4:	uv__io_poll at /workspace/srcdir/libuv/src/unix/epoll.c:236
      From worker 4:	uv_run at /workspace/srcdir/libuv/src/unix/core.c:400
      From worker 4:	ijl_task_get_next at /cache/build/builder-amdci4-0/julialang/julia-release-1-dot-10/src/partr.c:478
      From worker 4:	poptask at ./task.jl:985
      From worker 4:	wait at ./task.jl:994
      From worker 4:	task_done_hook at ./task.jl:675
      From worker 2:	
      From worker 2:	[216773] signal (15): Terminated
      From worker 2:	in expression starting at none:0
      From worker 2:	epoll_wait at /nix/store/3dyw8dzj9ab4m8hv5dpyx7zii8d0w6fi-glibc-2.39-52/lib/libc.so.6 (unknown line)
      From worker 2:	uv__io_poll at /workspace/srcdir/libuv/src/unix/epoll.c:236
      From worker 2:	uv_run at /workspace/srcdir/libuv/src/unix/core.c:400
      From worker 2:	ijl_task_get_next at /cache/build/builder-amdci4-0/julialang/julia-release-1-dot-10/src/partr.c:478
      From worker 2:	poptask at ./task.jl:985
      From worker 2:	wait at ./task.jl:994
      From worker 2:	task_done_hook at ./task.jl:675
      From worker 3:	
      From worker 3:	[216822] signal (15): Terminated
      From worker 3:	in expression starting at none:0
      From worker 3:	epoll_wait at /nix/store/3dyw8dzj9ab4m8hv5dpyx7zii8d0w6fi-glibc-2.39-52/lib/libc.so.6 (unknown line)
      From worker 3:	uv__io_poll at /workspace/srcdir/libuv/src/unix/epoll.c:236
      From worker 3:	uv_run at /workspace/srcdir/libuv/src/unix/core.c:400
      From worker 3:	ijl_task_get_next at /cache/build/builder-amdci4-0/julialang/julia-release-1-dot-10/src/partr.c:478
      From worker 3:	poptask at ./task.jl:985
      From worker 3:	wait at ./task.jl:994
      From worker 3:	task_done_hook at ./task.jl:675
      From worker 3:	jfptr_task_done_hook_75286.1 at /nix/store/06qnp46ihg0vzsbg1hiqcs58pjyph135-julia-bin-1.10.4/lib/julia/sys.so (unknown line)
      From worker 3:	_jl_invoke at /cache/build/builder-amdci4-0/julialang/julia-release-1-dot-10/src/gf.c:2895 [inlined]
      From worker 3:	ijl_apply_generic at /cache/build/builder-amdci4-0/julialang/julia-release-1-dot-10/src/gf.c:3077
      From worker 3:	jl_apply at /cache/build/builder-amdci4-0/julialang/julia-release-1-dot-10/src/julia.h:1982 [inlined]
      From worker 3:	jl_finish_task at /cache/build/builder-amdci4-0/julialang/julia-release-1-dot-10/src/task.c:320
      From worker 3:	start_task at /cache/build/builder-amdci4-0/julialang/julia-release-1-dot-10/src/task.c:1249
      From worker 3:	unknown function (ip: (nil))
      From worker 3:	Allocations: 3779150 (Pool: 3776312; Big: 2838); GC: 6
      From worker 4:	jfptr_task_done_hook_75286.1 at /nix/store/06qnp46ihg0vzsbg1hiqcs58pjyph135-julia-bin-1.10.4/lib/julia/sys.so (unknown line)
      From worker 4:	_jl_invoke at /cache/build/builder-amdci4-0/julialang/julia-release-1-dot-10/src/gf.c:2895 [inlined]
      From worker 4:	ijl_apply_generic at /cache/build/builder-amdci4-0/julialang/julia-release-1-dot-10/src/gf.c:3077
      From worker 4:	jl_apply at /cache/build/builder-amdci4-0/julialang/julia-release-1-dot-10/src/julia.h:1982 [inlined]
      From worker 4:	jl_finish_task at /cache/build/builder-amdci4-0/julialang/julia-release-1-dot-10/src/task.c:320
      From worker 4:	start_task at /cache/build/builder-amdci4-0/julialang/julia-release-1-dot-10/src/task.c:1249
      From worker 4:	unknown function (ip: (nil))
      From worker 4:	Allocations: 3779153 (Pool: 3776315; Big: 2838); GC: 6
      From worker 2:	jfptr_task_done_hook_75286.1 at /nix/store/06qnp46ihg0vzsbg1hiqcs58pjyph135-julia-bin-1.10.4/lib/julia/sys.so (unknown line)
      From worker 2:	_jl_invoke at /cache/build/builder-amdci4-0/julialang/julia-release-1-dot-10/src/gf.c:2895 [inlined]
      From worker 2:	ijl_apply_generic at /cache/build/builder-amdci4-0/julialang/julia-release-1-dot-10/src/gf.c:3077
      From worker 2:	jl_apply at /cache/build/builder-amdci4-0/julialang/julia-release-1-dot-10/src/julia.h:1982 [inlined]
      From worker 2:	jl_finish_task at /cache/build/builder-amdci4-0/julialang/julia-release-1-dot-10/src/task.c:320
      From worker 2:	start_task at /cache/build/builder-amdci4-0/julialang/julia-release-1-dot-10/src/task.c:1249
      From worker 2:	unknown function (ip: (nil))
      From worker 2:	Allocations: 3779241 (Pool: 3776402; Big: 2839); GC: 6
srun: error: oc-compute03: task 0: Exited with exit code 130
