SLURM_JOB_ID=647673
hostname=oc-compute03
path '/data/oc-compute03/ebertzci/OC-MasterThesis/julia-nix-slurm-env-main/scripts' does not contain a 'flake.nix', searching up
[K[Kwarning: ignoring untrusted flake configuration setting 'extra-substituters'.
Pass '--accept-flake-config' to trust it
warning: ignoring untrusted flake configuration setting 'extra-trusted-public-keys'.
Pass '--accept-flake-config' to trust it
Running tasks     devenv:enterShell

[1A[0JRunning           devenv:enterShell 0ms
1 Running                           46.32Âµs
[2A[0JSucceeded         devenv:enterShell 10ms
1 Succeeded                         11.42ms

Waiting for lock /home/ebertzci/JULIALOCK â€¦
Acquired lock /home/ebertzci/JULIALOCK.
Relinquishing lock /home/ebertzci/JULIALOCK â€¦
Relinquished lock /home/ebertzci/JULIALOCK.
slurmstepd: error: *** STEP 647673.0 ON oc-compute03 CANCELLED AT 2024-12-20T14:11:23 DUE TO TIME LIMIT ***
slurmstepd: error: *** JOB 647673 ON oc-compute03 CANCELLED AT 2024-12-20T14:11:23 DUE TO TIME LIMIT ***

[135122] signal (15): Terminated
in expression starting at /data/oc-compute03/ebertzci/OC-MasterThesis/booleanProblems/hpo.jl:377
ijl_apply_generic at /cache/build/builder-amdci4-0/julialang/julia-release-1-dot-10/src/gf.c:3078
srun: got SIGCONT
deepcopy_internal at ./deepcopy.jl:65
srun: forcing job termination
srun: Job step aborted: Waiting up to 32 seconds for job step to finish.
jfptr_deepcopy_internal_78214.1 at /nix/store/06qnp46ihg0vzsbg1hiqcs58pjyph135-julia-bin-1.10.4/lib/julia/sys.so (unknown line)
_jl_invoke at /cache/build/builder-amdci4-0/julialang/julia-release-1-dot-10/src/gf.c:2895 [inlined]
ijl_apply_generic at /cache/build/builder-amdci4-0/julialang/julia-release-1-dot-10/src/gf.c:3077
_deepcopy_array_t at ./deepcopy.jl:105
deepcopy_internal at ./deepcopy.jl:92
unknown function (ip: 0x7ffff677eaf9)
_jl_invoke at /cache/build/builder-amdci4-0/julialang/julia-release-1-dot-10/src/gf.c:2895 [inlined]
ijl_apply_generic at /cache/build/builder-amdci4-0/julialang/julia-release-1-dot-10/src/gf.c:3077
deepcopy_internal at ./deepcopy.jl:65
deepcopy at ./deepcopy.jl:26 [inlined]
crossover at /data/oc-compute03/ebertzci/OC-MasterThesis/booleanProblems/utils/runner_multiple_parents_with_elitist_mulambda.jl:237
learn_step! at /data/oc-compute03/ebertzci/OC-MasterThesis/booleanProblems/utils/runner_multiple_parents_with_elitist_mulambda.jl:104
meanAusMehrerenIterationen at /data/oc-compute03/ebertzci/OC-MasterThesis/booleanProblems/hpo.jl:166
macro expansion at /data/oc-compute03/ebertzci/OC-MasterThesis/booleanProblems/hpo.jl:87 [inlined]
#70###hyperopt_objective#226 at /home/ebertzci/.julia/packages/Hyperopt/1AdYO/src/Hyperopt.jl:148
unknown function (ip: 0x7ffff677e507)
_jl_invoke at /cache/build/builder-amdci4-0/julialang/julia-release-1-dot-10/src/gf.c:2895 [inlined]
ijl_apply_generic at /cache/build/builder-amdci4-0/julialang/julia-release-1-dot-10/src/gf.c:3077
jl_apply at /cache/build/builder-amdci4-0/julialang/julia-release-1-dot-10/src/julia.h:1982 [inlined]
do_apply at /cache/build/builder-amdci4-0/julialang/julia-release-1-dot-10/src/builtins.c:768
macro expansion at /home/ebertzci/.julia/packages/Hyperopt/1AdYO/src/Hyperopt.jl:162 [inlined]
macro expansion at /home/ebertzci/.julia/packages/ProgressMeter/kVZZH/src/ProgressMeter.jl:1008 [inlined]
optimize at /home/ebertzci/.julia/packages/Hyperopt/1AdYO/src/Hyperopt.jl:161
unknown function (ip: 0x7ffff6765855)
_jl_invoke at /cache/build/builder-amdci4-0/julialang/julia-release-1-dot-10/src/gf.c:2895 [inlined]
ijl_apply_generic at /cache/build/builder-amdci4-0/julialang/julia-release-1-dot-10/src/gf.c:3077
hpo at /data/oc-compute03/ebertzci/OC-MasterThesis/booleanProblems/hpo.jl:82
unknown function (ip: 0x7ffff67521d2)
_jl_invoke at /cache/build/builder-amdci4-0/julialang/julia-release-1-dot-10/src/gf.c:2895 [inlined]
ijl_apply_generic at /cache/build/builder-amdci4-0/julialang/julia-release-1-dot-10/src/gf.c:3077
jl_apply at /cache/build/builder-amdci4-0/julialang/julia-release-1-dot-10/src/julia.h:1982 [inlined]
do_call at /cache/build/builder-amdci4-0/julialang/julia-release-1-dot-10/src/interpreter.c:126
eval_value at /cache/build/builder-amdci4-0/julialang/julia-release-1-dot-10/src/interpreter.c:223
eval_stmt_value at /cache/build/builder-amdci4-0/julialang/julia-release-1-dot-10/src/interpreter.c:174 [inlined]
eval_body at /cache/build/builder-amdci4-0/julialang/julia-release-1-dot-10/src/interpreter.c:617
jl_interpret_toplevel_thunk at /cache/build/builder-amdci4-0/julialang/julia-release-1-dot-10/src/interpreter.c:775
jl_toplevel_eval_flex at /cache/build/builder-amdci4-0/julialang/julia-release-1-dot-10/src/toplevel.c:934
jl_toplevel_eval_flex at /cache/build/builder-amdci4-0/julialang/julia-release-1-dot-10/src/toplevel.c:877
ijl_toplevel_eval_in at /cache/build/builder-amdci4-0/julialang/julia-release-1-dot-10/src/toplevel.c:985
eval at ./boot.jl:385 [inlined]
include_string at ./loading.jl:2076
_jl_invoke at /cache/build/builder-amdci4-0/julialang/julia-release-1-dot-10/src/gf.c:2895 [inlined]
ijl_apply_generic at /cache/build/builder-amdci4-0/julialang/julia-release-1-dot-10/src/gf.c:3077
_include at ./loading.jl:2136
include at ./Base.jl:495
jfptr_include_46393.1 at /nix/store/06qnp46ihg0vzsbg1hiqcs58pjyph135-julia-bin-1.10.4/lib/julia/sys.so (unknown line)
_jl_invoke at /cache/build/builder-amdci4-0/julialang/julia-release-1-dot-10/src/gf.c:2895 [inlined]
ijl_apply_generic at /cache/build/builder-amdci4-0/julialang/julia-release-1-dot-10/src/gf.c:3077
exec_options at ./client.jl:318
_start at ./client.jl:552
jfptr__start_82729.1 at /nix/store/06qnp46ihg0vzsbg1hiqcs58pjyph135-julia-bin-1.10.4/lib/julia/sys.so (unknown line)
_jl_invoke at /cache/build/builder-amdci4-0/julialang/julia-release-1-dot-10/src/gf.c:2895 [inlined]
ijl_apply_generic at /cache/build/builder-amdci4-0/julialang/julia-release-1-dot-10/src/gf.c:3077
jl_apply at /cache/build/builder-amdci4-0/julialang/julia-release-1-dot-10/src/julia.h:1982 [inlined]
true_main at /cache/build/builder-amdci4-0/julialang/julia-release-1-dot-10/src/jlapi.c:582
jl_repl_entrypoint at /cache/build/builder-amdci4-0/julialang/julia-release-1-dot-10/src/jlapi.c:731
main at julia (unknown line)
__libc_start_call_main at /nix/store/3dyw8dzj9ab4m8hv5dpyx7zii8d0w6fi-glibc-2.39-52/lib/libc.so.6 (unknown line)
__libc_start_main at /nix/store/3dyw8dzj9ab4m8hv5dpyx7zii8d0w6fi-glibc-2.39-52/lib/libc.so.6 (unknown line)
unknown function (ip: 0x4010b8)
unknown function (ip: (nil))
Allocations: 422268097825 (Pool: 422227473474; Big: 40624351); GC: 130098
      From worker 4:	
Worker 4 terminated.â”Œ Warning: Forcibly interrupting busy workers
â”‚   exception = IOError: stream is closed or unusable
â”” @ Distributed /nix/store/06qnp46ihg0vzsbg1hiqcs58pjyph135-julia-bin-1.10.4/share/julia/stdlib/v1.10/Distributed/src/cluster.jl:1253

      From worker 4:	[136450] signal (15): Terminated
UNHANDLED TASK ERROR: EOFError: read end of file
Stacktrace:
 [1] (::Base.var"#wait_locked#739")(s::Sockets.TCPSocket, buf::IOBuffer, nb::Int64)
   @ Base ./stream.jl:947
 [2] unsafe_read(s::Sockets.TCPSocket, p::Ptr{UInt8}, nb::UInt64)
   @ Base ./stream.jl:955
 [3] unsafe_read
   @ ./io.jl:774 [inlined]
 [4] unsafe_read(s::Sockets.TCPSocket, p::Base.RefValue{NTuple{4, Int64}}, n::Int64)
   @ Base ./io.jl:773
 [5] read!
   @ ./io.jl:775 [inlined]
 [6] deserialize_hdr_raw
   @ /nix/store/06qnp46ihg0vzsbg1hiqcs58pjyph135-julia-bin-1.10.4/share/julia/stdlib/v1.10/Distributed/src/messages.jl:167 [inlined]
 [7] message_handler_loop(r_stream::Sockets.TCPSocket, w_stream::Sockets.TCPSocket, incoming::Bool)
   @ Distributed /nix/store/06qnp46ihg0vzsbg1hiqcs58pjyph135-julia-bin-1.10.4/share/julia/stdlib/v1.10/Distributed/src/process_messages.jl:172
 [8] process_tcp_streams(r_stream::Sockets.TCPSocket, w_stream::Sockets.TCPSocket, incoming::Bool)
   @ Distributed /nix/store/06qnp46ihg0vzsbg1hiqcs58pjyph135-julia-bin-1.10.4/share/julia/stdlib/v1.10/Distributed/src/process_messages.jl:133
 [9] (::Distributed.var"#103#104"{Sockets.TCPSocket, Sockets.TCPSocket, Bool})()
   @ Distributed /nix/store/06qnp46ihg0vzsbg1hiqcs58pjyph135-julia-bin-1.10.4/share/julia/stdlib/v1.10/Distributed/src/process_messages.jl:121
      From worker 4:	in expression starting at none:0
â”Œ Warning: rmprocs: process 1 not removed
â”” @ Distributed /nix/store/06qnp46ihg0vzsbg1hiqcs58pjyph135-julia-bin-1.10.4/share/julia/stdlib/v1.10/Distributed/src/cluster.jl:1049
srun: error: oc-compute03: task 0: Exited with exit code 130
